<?xml version="1.0" encoding="UTF-8"?>
<!-- Generated by org.testng.reporters.JUnitReportReporter -->
<testsuite hostname="DESKTOP-9QPPU4Q" failures="0" tests="10" name="BookDepositoryTest" time="204.143" errors="0" timestamp="07 Feb 2023 13:35:48 GMT" skipped="0">
  <testcase classname="BookDepositoryTest" name="checkoutTest" time="28.452"/>
  <testcase classname="BookDepositoryTest" name="advancedSearch" time="17.607"/>
  <testcase classname="BookDepositoryTest" name="changeCurrencyTest" time="17.671"/>
  <testcase classname="BookDepositoryTest" name="bookSearchTest" time="20.209"/>
  <testcase classname="BookDepositoryTest" name="checkoutTest" time="30.432"/>
  <testcase classname="BookDepositoryTest" name="filterBestsellersTest" time="17.018"/>
  <testcase classname="BookDepositoryTest" name="changeCurrencyTest" time="18.680"/>
  <testcase classname="BookDepositoryTest" name="advancedSearch" time="17.396"/>
  <testcase classname="BookDepositoryTest" name="bookSearchTest" time="18.284"/>
  <testcase classname="BookDepositoryTest" name="filterBestsellersTest" time="18.394"/>
</testsuite> <!-- BookDepositoryTest -->
